<?xml version="1.0" encoding="UTF-8"?>
<!-- Generated by org.testng.reporters.JUnitReportReporter -->
<testsuite skipped="0" hostname="DESKTOP-C2KOF2B" name="test.TwitterLogin_Test" tests="1" failures="0" timestamp="09 Feb 2020 02:27:11 GMT" time="12.098" errors="0">
  <testcase name="UserWillAbleToLogin" time="12.098" classname="test.TwitterLogin_Test"/>
</testsuite> <!-- test.TwitterLogin_Test -->
