<?xml version="1.0" encoding="UTF-8"?>
<!-- Generated by org.testng.reporters.JUnitReportReporter -->
<testsuite skipped="0" hostname="DESKTOP-C2KOF2B" name="test.Self_Practice" tests="1" failures="0" timestamp="05 Feb 2020 22:14:49 GMT" time="20.888" errors="0">
  <testcase name="W3SchoolsPageShouldOpen" time="20.888" classname="test.Self_Practice"/>
</testsuite> <!-- test.Self_Practice -->
