<?xml version="1.0" encoding="UTF-8"?>
<!-- Generated by org.testng.reporters.JUnitReportReporter -->
<testsuite skipped="0" hostname="DESKTOP-C2KOF2B" name="test.EndToEndUse_Assert" tests="1" failures="0" timestamp="08 Feb 2020 15:24:58 GMT" time="19.309" errors="0">
  <testcase name="UserWillAbleToUseAllAssertation" time="19.309" classname="test.EndToEndUse_Assert"/>
</testsuite> <!-- test.EndToEndUse_Assert -->
