<?xml version="1.0" encoding="UTF-8"?>
<!-- Generated by org.testng.reporters.JUnitReportReporter -->
<testsuite skipped="0" hostname="DESKTOP-C2KOF2B" name="test.Assignment_Four" tests="1" failures="0" timestamp="07 Feb 2020 20:58:34 GMT" time="19.385" errors="0">
  <testcase name="AddNewAccountOnTechfiosSite" time="19.385" classname="test.Assignment_Four"/>
</testsuite> <!-- test.Assignment_Four -->
