<?xml version="1.0" encoding="UTF-8"?>
<!-- Generated by org.testng.reporters.JUnitReportReporter -->
<testsuite skipped="0" hostname="DESKTOP-C2KOF2B" name="test.LoginTest" tests="1" failures="0" timestamp="04 Feb 2020 20:07:56 GMT" time="29.497" errors="0">
  <testcase name="userShouldBeAbleToAddDeposit" time="29.497" classname="test.LoginTest"/>
</testsuite> <!-- test.LoginTest -->
